#
# A fatal error has been detected by the Java Runtime Environment:
#
#  EXCEPTION_ACCESS_VIOLATION (0xc0000005) at pc=0x6d9bd48d, pid=1940, tid=3864
#
# JRE version: 6.0_18-b07
# Java VM: Java HotSpot(TM) Client VM (16.0-b13 mixed mode windows-x86 )
# Problematic frame:
# V  [jvm.dll+0x10d48d]
#
# If you would like to submit a bug report, please visit:
#   http://java.sun.com/webapps/bugreport/crash.jsp
#

---------------  T H R E A D  ---------------

Current thread (0x16b65800):  JavaThread "JDWP Transport Listener: dt_socket" daemon [_thread_in_vm, id=3864, stack(0x16e00000,0x16e50000)]

siginfo: ExceptionCode=0xc0000005, reading address 0x656e003b

Registers:
EAX=0x656e003b, EBX=0x00000000, ECX=0x000071ee, EDX=0x00000000
ESP=0x16e4fc40, EBP=0x16e4fc44, ESI=0x16b65800, EDI=0x003a5ba0
EIP=0x6d9bd48d, EFLAGS=0x00010202

Top of Stack: (sp=0x16e4fc40)
0x16e4fc40:   16b65800 16e4fc6c 6d9e30a2 656e003b
0x16e4fc50:   16e4fcf0 16e4fca7 16b65800 00000000
0x16e4fc60:   00000000 00000000 16b65800 16e4fca8
0x16e4fc70:   6d44976e 003a5ba0 656e003b 16e4fca7
0x16e4fc80:   656e003b 6d4342c9 656e003b 16e4fca7
0x16e4fc90:   0000000e 00000000 00000000 0000000a
0x16e4fca0:   00000000 00e4fcc8 16e4fcc8 6d434434
0x16e4fcb0:   00000001 16e4fce4 16e4fe80 6d452b02 

Instructions: (pc=0x6d9bd48d)
0x6d9bd47d:   cc cc cc 55 8b ec 8b 45 08 85 c0 75 02 5d c3 56
0x6d9bd48d:   8b 30 8b 46 04 8d 48 08 8b 01 ff 90 94 00 00 00 


Stack: [0x16e00000,0x16e50000],  sp=0x16e4fc40,  free space=13f16e4f774k
Native frames: (J=compiled Java code, j=interpreted, Vv=VM code, C=native code)
V  [jvm.dll+0x10d48d]
V  [jvm.dll+0x1330a2]
C  [jdwp.dll+0x1976e]
C  [jdwp.dll+0x4434]
C  [jdwp.dll+0x4472]
C  [jdwp.dll+0x17d53]
V  [jvm.dll+0x17f9cc]
C  [msvcr71.dll+0x9565]
C  [kernel32.dll+0xb713]


---------------  P R O C E S S  ---------------

Java Threads: ( => current thread )
  0x170a1000 JavaThread "D3D Screen Updater" daemon [_thread_blocked, id=1620, stack(0x17520000,0x17570000)]
  0x17078800 JavaThread "AWT-EventQueue-0" [_thread_blocked, id=1616, stack(0x174d0000,0x17520000)]
  0x1703e800 JavaThread "AWT-Windows" daemon [_thread_in_native, id=1612, stack(0x17300000,0x17350000)]
  0x1703d400 JavaThread "AWT-Shutdown" [_thread_blocked, id=1604, stack(0x172b0000,0x17300000)]
  0x1702bc00 JavaThread "Java2D Disposer" daemon [_thread_blocked, id=1544, stack(0x17260000,0x172b0000)]
  0x16b79400 JavaThread "Low Memory Detector" daemon [_thread_blocked, id=2772, stack(0x16f40000,0x16f90000)]
  0x16b77000 JavaThread "CompilerThread0" daemon [_thread_blocked, id=1576, stack(0x16ef0000,0x16f40000)]
  0x16b69800 JavaThread "JDWP Command Reader" daemon [_thread_in_native, id=280, stack(0x16ea0000,0x16ef0000)]
  0x16b68000 JavaThread "JDWP Event Helper Thread" daemon [_thread_blocked, id=2700, stack(0x16e50000,0x16ea0000)]
=>0x16b65800 JavaThread "JDWP Transport Listener: dt_socket" daemon [_thread_in_vm, id=3864, stack(0x16e00000,0x16e50000)]
  0x16b5a400 JavaThread "Attach Listener" daemon [_thread_blocked, id=4016, stack(0x16d10000,0x16d60000)]
  0x16b58c00 JavaThread "Signal Dispatcher" daemon [_thread_blocked, id=3660, stack(0x16cc0000,0x16d10000)]
  0x16b48800 JavaThread "Finalizer" daemon [_thread_blocked, id=4000, stack(0x16c70000,0x16cc0000)]
  0x16b43c00 JavaThread "Reference Handler" daemon [_thread_blocked, id=284, stack(0x16c20000,0x16c70000)]
  0x003a7800 JavaThread "Application Thread" [_thread_blocked, id=3992, stack(0x008c0000,0x00910000)]

Other Threads:
  0x16b41000 VMThread [stack: 0x16bd0000,0x16c20000] [id=612]
  0x16b8cc00 WatcherThread [stack: 0x16f90000,0x16fe0000] [id=1600]

VM state:not at safepoint (normal execution)

VM Mutex/Monitor currently owned by a thread: None

Heap
 def new generation   total 7424K, used 292K [0x02990000, 0x03190000, 0x07ee0000)
  eden space 6656K,   4% used [0x02990000, 0x029d9068, 0x03010000)
  from space 768K,   0% used [0x030d0000, 0x030d0000, 0x03190000)
  to   space 768K,   0% used [0x03010000, 0x03010000, 0x030d0000)
 tenured generation   total 16288K, used 8981K [0x07ee0000, 0x08ec8000, 0x12990000)
   the space 16288K,  55% used [0x07ee0000, 0x087a55a8, 0x087a5600, 0x08ec8000)
 compacting perm gen  total 12288K, used 10907K [0x12990000, 0x13590000, 0x16990000)
   the space 12288K,  88% used [0x12990000, 0x13436d68, 0x13436e00, 0x13590000)
No shared spaces configured.

Dynamic libraries:
0x00400000 - 0x00424000 	C:\Program Files\Java\jdk1.6.0_18\bin\javaw.exe
0x7c900000 - 0x7c9af000 	C:\WINDOWS\system32\ntdll.dll
0x7c800000 - 0x7c8f6000 	C:\WINDOWS\system32\kernel32.dll
0x77dd0000 - 0x77e6b000 	C:\WINDOWS\system32\ADVAPI32.dll
0x77e70000 - 0x77f02000 	C:\WINDOWS\system32\RPCRT4.dll
0x77fe0000 - 0x77ff1000 	C:\WINDOWS\system32\Secur32.dll
0x7e410000 - 0x7e4a1000 	C:\WINDOWS\system32\USER32.dll
0x77f10000 - 0x77f59000 	C:\WINDOWS\system32\GDI32.dll
0x7c340000 - 0x7c396000 	C:\Program Files\Java\jdk1.6.0_18\jre\bin\msvcr71.dll
0x6d8b0000 - 0x6db47000 	C:\Program Files\Java\jdk1.6.0_18\jre\bin\client\jvm.dll
0x76b40000 - 0x76b6d000 	C:\WINDOWS\system32\WINMM.dll
0x6d860000 - 0x6d86c000 	C:\Program Files\Java\jdk1.6.0_18\jre\bin\verify.dll
0x6d3e0000 - 0x6d3ff000 	C:\Program Files\Java\jdk1.6.0_18\jre\bin\java.dll
0x6d340000 - 0x6d348000 	C:\Program Files\Java\jdk1.6.0_18\jre\bin\hpi.dll
0x76bf0000 - 0x76bfb000 	C:\WINDOWS\system32\PSAPI.DLL
0x6d430000 - 0x6d459000 	C:\Program Files\Java\jdk1.6.0_18\jre\bin\jdwp.dll
0x6d750000 - 0x6d756000 	C:\Program Files\Java\jdk1.6.0_18\jre\bin\npt.dll
0x6d8a0000 - 0x6d8af000 	C:\Program Files\Java\jdk1.6.0_18\jre\bin\zip.dll
0x6d2b0000 - 0x6d2b7000 	C:\Program Files\Java\jdk1.6.0_18\jre\bin\dt_socket.dll
0x71ab0000 - 0x71ac7000 	C:\WINDOWS\system32\WS2_32.dll
0x77c10000 - 0x77c68000 	C:\WINDOWS\system32\msvcrt.dll
0x71aa0000 - 0x71aa8000 	C:\WINDOWS\system32\WS2HELP.dll
0x71a50000 - 0x71a8f000 	C:\WINDOWS\System32\mswsock.dll
0x76f20000 - 0x76f47000 	C:\WINDOWS\system32\DNSAPI.dll
0x76d60000 - 0x76d79000 	C:\WINDOWS\system32\iphlpapi.dll
0x76fb0000 - 0x76fb8000 	C:\WINDOWS\System32\winrnr.dll
0x76f60000 - 0x76f8c000 	C:\WINDOWS\system32\WLDAP32.dll
0x76fc0000 - 0x76fc6000 	C:\WINDOWS\system32\rasadhlp.dll
0x662b0000 - 0x66308000 	C:\WINDOWS\system32\hnetcfg.dll
0x71a90000 - 0x71a98000 	C:\WINDOWS\System32\wshtcpip.dll
0x6d0b0000 - 0x6d1fa000 	C:\Program Files\Java\jdk1.6.0_18\jre\bin\awt.dll
0x73000000 - 0x73026000 	C:\WINDOWS\system32\WINSPOOL.DRV
0x76390000 - 0x763ad000 	C:\WINDOWS\system32\IMM32.dll
0x774e0000 - 0x7761e000 	C:\WINDOWS\system32\ole32.dll
0x773d0000 - 0x774d3000 	C:\WINDOWS\WinSxS\x86_Microsoft.Windows.Common-Controls_6595b64144ccf1df_6.0.2600.5512_x-ww_35d4ce83\COMCTL32.dll
0x77f60000 - 0x77fd6000 	C:\WINDOWS\system32\SHLWAPI.dll
0x5ad70000 - 0x5ada8000 	C:\WINDOWS\system32\uxtheme.dll
0x6d2e0000 - 0x6d334000 	C:\Program Files\Java\jdk1.6.0_18\jre\bin\fontmanager.dll
0x74720000 - 0x7476c000 	C:\WINDOWS\system32\MSCTF.dll
0x17390000 - 0x17394000 	C:\Program Files\Unlocker\UnlockerHook.dll
0x7c9c0000 - 0x7d1d7000 	C:\WINDOWS\system32\SHELL32.dll
0x4fdd0000 - 0x4ff76000 	C:\WINDOWS\system32\d3d9.dll
0x173a0000 - 0x173a6000 	C:\WINDOWS\system32\d3d8thk.dll
0x77c00000 - 0x77c08000 	C:\WINDOWS\system32\VERSION.dll
0x68000000 - 0x68036000 	C:\WINDOWS\system32\rsaenh.dll
0x769c0000 - 0x76a74000 	C:\WINDOWS\system32\USERENV.dll
0x5b860000 - 0x5b8b6000 	C:\WINDOWS\system32\netapi32.dll
0x6d6c0000 - 0x6d6d3000 	C:\Program Files\Java\jdk1.6.0_18\jre\bin\net.dll

VM Arguments:
jvm_args: -agentlib:jdwp=transport=dt_socket,suspend=y,address=localhost:1033 -Dfile.encoding=Cp1252 
java_command: aesi.Program
Launcher Type: SUN_STANDARD

Environment Variables:
CLASSPATH=.;C:\Program Files\Java\jre6\lib\ext\QTJava.zip
PATH=C:\Program Files\Java\jdk1.6.0_18\jre\bin;C:/Program Files/Java/jdk1.6.0_18/bin/../jre/bin/client;C:/Program Files/Java/jdk1.6.0_18/bin/../jre/bin;C:\Program Files\Java\jdk1.6.0_18\bin;C:\Program Files\MiKTeX 2.8\miktex\bin;C:\Program Files\PC Connectivity Solution\;C:\WINDOWS\system32;C:\WINDOWS;C:\WINDOWS\System32\Wbem;c:\Program Files\Microsoft SQL Server\100\Tools\Binn\;c:\Program Files\Microsoft SQL Server\100\DTS\Binn\;C:\Program Files\QuickTime\QTSystem\;C:\Program Files\MiKTeX 2.8\miktex\bin;C:\Program Files\PC Connectivity Solution\;C:\WINDOWS\system32;C:\WINDOWS;C:\WINDOWS\System32\Wbem;c:\Program Files\Microsoft SQL Server\100\Tools\Binn\;c:\Program Files\Microsoft SQL Server\100\DTS\Binn\;C:\Program Files\QuickTime\QTSystem\;C:\everything\cygwin\bin;C:\Program Files\MATLAB\R2008b\bin;C:\Program Files\MATLAB\R2008b\bin\win32;C:\Program Files\Graphviz2.26.3\bin;C:\Documents and Settings\Administrator\Application Data\MiKTeX\2.8\miktex\bin\;C:\Program Files\Nmap
USERNAME=Administrator
OS=Windows_NT
PROCESSOR_IDENTIFIER=x86 Family 6 Model 15 Stepping 13, GenuineIntel



---------------  S Y S T E M  ---------------

OS: Windows XP Build 2600 Service Pack 3

CPU:total 2 (2 cores per cpu, 1 threads per core) family 6 model 15 stepping 13, cmov, cx8, fxsr, mmx, sse, sse2, sse3, ssse3

Memory: 4k page, physical 3144876k(2485152k free), swap 5079408k(4593780k free)

vm_info: Java HotSpot(TM) Client VM (16.0-b13) for windows-x86 JRE (1.6.0_18-b07), built on Dec 17 2009 13:35:55 by "java_re" with MS VC++ 7.1 (VS2003)

time: Mon Jun 21 19:09:07 2010
elapsed time: 232 seconds

